Analysis & Synthesis report for temperatura
Tue Jan 08 17:05:21 2019
Quartus Prime Version 17.0.0 Build 595 04/25/2017 SJ Standard Edition


---------------------
; Table of Contents ;
---------------------
  1. Legal Notice
  2. Analysis & Synthesis Summary
  3. Analysis & Synthesis Settings
  4. Parallel Compilation
  5. Analysis & Synthesis Source Files Read
  6. Analysis & Synthesis Resource Usage Summary
  7. Analysis & Synthesis Resource Utilization by Entity
  8. Analysis & Synthesis IP Cores Summary
  9. State Machine - |temperatura|controlador:inst26|y
 10. State Machine - |temperatura|temperatureADC:inst69|temperatureADC_adc_mega_0:adc_mega_0|altera_up_avalon_adv_adc:ADC_CTRL|currState
 11. Logic Cells Representing Combinational Loops
 12. Registers Removed During Synthesis
 13. General Register Statistics
 14. Inverted Register Statistics
 15. Multiplexer Restructuring Statistics (Restructuring Performed)
 16. Parameter Settings for User Entity Instance: Mux2a1:inst39
 17. Parameter Settings for User Entity Instance: Mux2a1:inst32
 18. Parameter Settings for User Entity Instance: comparador:inst29
 19. Parameter Settings for User Entity Instance: RegSost:inst9
 20. Parameter Settings for User Entity Instance: comparador:inst15
 21. Parameter Settings for User Entity Instance: contador_up:inst13
 22. Parameter Settings for User Entity Instance: c100:inst62|lpm_constant:LPM_CONSTANT_component
 23. Parameter Settings for User Entity Instance: temperatureADC:inst69|temperatureADC_adc_mega_0:adc_mega_0
 24. Parameter Settings for User Entity Instance: temperatureADC:inst69|temperatureADC_adc_mega_0:adc_mega_0|altera_up_avalon_adv_adc:ADC_CTRL
 25. Parameter Settings for User Entity Instance: restador:inst30
 26. Parameter Settings for User Entity Instance: contador_up_down:inst21
 27. Parameter Settings for User Entity Instance: comparador:inst2
 28. Parameter Settings for User Entity Instance: contador_up:inst
 29. Parameter Settings for User Entity Instance: c500:inst63|lpm_constant:LPM_CONSTANT_component
 30. Parameter Settings for User Entity Instance: comparador:inst7
 31. Parameter Settings for User Entity Instance: RegSost:inst6
 32. Parameter Settings for User Entity Instance: Mux2a1:inst4
 33. Parameter Settings for User Entity Instance: comparador:inst17
 34. Parameter Settings for User Entity Instance: RegSost:inst18
 35. Parameter Settings for User Entity Instance: Mux2a1:inst19
 36. Parameter Settings for User Entity Instance: c25:inst22|lpm_constant:LPM_CONSTANT_component
 37. Parameter Settings for User Entity Instance: c1:inst31|lpm_constant:LPM_CONSTANT_component
 38. Parameter Settings for User Entity Instance: Mux2a1:inst36
 39. Parameter Settings for User Entity Instance: comparador:inst35
 40. Parameter Settings for User Entity Instance: Mux4a1:inst10
 41. Parameter Settings for User Entity Instance: comparador:inst24
 42. Parameter Settings for User Entity Instance: c100:inst25|lpm_constant:LPM_CONSTANT_component
 43. Post-Synthesis Netlist Statistics for Top Partition
 44. Elapsed Time Per Partition
 45. Analysis & Synthesis Messages



----------------
; Legal Notice ;
----------------
Copyright (C) 2017  Intel Corporation. All rights reserved.
Your use of Intel Corporation's design tools, logic functions 
and other software and tools, and its AMPP partner logic 
functions, and any output files from any of the foregoing 
(including device programming or simulation files), and any 
associated documentation or information are expressly subject 
to the terms and conditions of the Intel Program License 
Subscription Agreement, the Intel Quartus Prime License Agreement,
the Intel MegaCore Function License Agreement, or other 
applicable license agreement, including, without limitation, 
that your use is for the sole purpose of programming logic 
devices manufactured by Intel and sold by Intel or its 
authorized distributors.  Please refer to the applicable 
agreement for further details.



+--------------------------------------------------------------------------------------+
; Analysis & Synthesis Summary                                                         ;
+------------------------------------+-------------------------------------------------+
; Analysis & Synthesis Status        ; Successful - Tue Jan 08 17:05:21 2019           ;
; Quartus Prime Version              ; 17.0.0 Build 595 04/25/2017 SJ Standard Edition ;
; Revision Name                      ; temperatura                                     ;
; Top-level Entity Name              ; temperatura                                     ;
; Family                             ; Cyclone IV E                                    ;
; Total logic elements               ; 464                                             ;
;     Total combinational functions  ; 417                                             ;
;     Dedicated logic registers      ; 188                                             ;
; Total registers                    ; 188                                             ;
; Total pins                         ; 45                                              ;
; Total virtual pins                 ; 0                                               ;
; Total memory bits                  ; 0                                               ;
; Embedded Multiplier 9-bit elements ; 0                                               ;
; Total PLLs                         ; 0                                               ;
+------------------------------------+-------------------------------------------------+


+----------------------------------------------------------------------------------------------------------------------+
; Analysis & Synthesis Settings                                                                                        ;
+----------------------------------------------------------------------------+--------------------+--------------------+
; Option                                                                     ; Setting            ; Default Value      ;
+----------------------------------------------------------------------------+--------------------+--------------------+
; Device                                                                     ; EP4CE22F17C6       ;                    ;
; Top-level entity name                                                      ; temperatura        ; temperatura        ;
; Family name                                                                ; Cyclone IV E       ; Cyclone V          ;
; Use smart compilation                                                      ; Off                ; Off                ;
; Enable parallel Assembler and TimeQuest Timing Analyzer during compilation ; On                 ; On                 ;
; Enable compact report table                                                ; Off                ; Off                ;
; Restructure Multiplexers                                                   ; Auto               ; Auto               ;
; Create Debugging Nodes for IP Cores                                        ; Off                ; Off                ;
; Preserve fewer node names                                                  ; On                 ; On                 ;
; OpenCore Plus hardware evaluation                                          ; Enable             ; Enable             ;
; Verilog Version                                                            ; Verilog_2001       ; Verilog_2001       ;
; VHDL Version                                                               ; VHDL_1993          ; VHDL_1993          ;
; State Machine Processing                                                   ; Auto               ; Auto               ;
; Safe State Machine                                                         ; Off                ; Off                ;
; Extract Verilog State Machines                                             ; On                 ; On                 ;
; Extract VHDL State Machines                                                ; On                 ; On                 ;
; Ignore Verilog initial constructs                                          ; Off                ; Off                ;
; Iteration limit for constant Verilog loops                                 ; 5000               ; 5000               ;
; Iteration limit for non-constant Verilog loops                             ; 250                ; 250                ;
; Add Pass-Through Logic to Inferred RAMs                                    ; On                 ; On                 ;
; Infer RAMs from Raw Logic                                                  ; On                 ; On                 ;
; Parallel Synthesis                                                         ; On                 ; On                 ;
; DSP Block Balancing                                                        ; Auto               ; Auto               ;
; NOT Gate Push-Back                                                         ; On                 ; On                 ;
; Power-Up Don't Care                                                        ; On                 ; On                 ;
; Remove Redundant Logic Cells                                               ; Off                ; Off                ;
; Remove Duplicate Registers                                                 ; On                 ; On                 ;
; Ignore CARRY Buffers                                                       ; Off                ; Off                ;
; Ignore CASCADE Buffers                                                     ; Off                ; Off                ;
; Ignore GLOBAL Buffers                                                      ; Off                ; Off                ;
; Ignore ROW GLOBAL Buffers                                                  ; Off                ; Off                ;
; Ignore LCELL Buffers                                                       ; Off                ; Off                ;
; Ignore SOFT Buffers                                                        ; On                 ; On                 ;
; Limit AHDL Integers to 32 Bits                                             ; Off                ; Off                ;
; Optimization Technique                                                     ; Balanced           ; Balanced           ;
; Carry Chain Length                                                         ; 70                 ; 70                 ;
; Auto Carry Chains                                                          ; On                 ; On                 ;
; Auto Open-Drain Pins                                                       ; On                 ; On                 ;
; Perform WYSIWYG Primitive Resynthesis                                      ; Off                ; Off                ;
; Auto ROM Replacement                                                       ; On                 ; On                 ;
; Auto RAM Replacement                                                       ; On                 ; On                 ;
; Auto DSP Block Replacement                                                 ; On                 ; On                 ;
; Auto Shift Register Replacement                                            ; Auto               ; Auto               ;
; Allow Shift Register Merging across Hierarchies                            ; Auto               ; Auto               ;
; Auto Clock Enable Replacement                                              ; On                 ; On                 ;
; Strict RAM Replacement                                                     ; Off                ; Off                ;
; Allow Synchronous Control Signals                                          ; On                 ; On                 ;
; Force Use of Synchronous Clear Signals                                     ; Off                ; Off                ;
; Auto RAM Block Balancing                                                   ; On                 ; On                 ;
; Auto RAM to Logic Cell Conversion                                          ; Off                ; Off                ;
; Auto Resource Sharing                                                      ; Off                ; Off                ;
; Allow Any RAM Size For Recognition                                         ; Off                ; Off                ;
; Allow Any ROM Size For Recognition                                         ; Off                ; Off                ;
; Allow Any Shift Register Size For Recognition                              ; Off                ; Off                ;
; Use LogicLock Constraints during Resource Balancing                        ; On                 ; On                 ;
; Ignore translate_off and synthesis_off directives                          ; Off                ; Off                ;
; Timing-Driven Synthesis                                                    ; On                 ; On                 ;
; Report Parameter Settings                                                  ; On                 ; On                 ;
; Report Source Assignments                                                  ; On                 ; On                 ;
; Report Connectivity Checks                                                 ; On                 ; On                 ;
; Ignore Maximum Fan-Out Assignments                                         ; Off                ; Off                ;
; Synchronization Register Chain Length                                      ; 2                  ; 2                  ;
; PowerPlay Power Optimization During Synthesis                              ; Normal compilation ; Normal compilation ;
; HDL message level                                                          ; Level2             ; Level2             ;
; Suppress Register Optimization Related Messages                            ; Off                ; Off                ;
; Number of Removed Registers Reported in Synthesis Report                   ; 5000               ; 5000               ;
; Number of Swept Nodes Reported in Synthesis Report                         ; 5000               ; 5000               ;
; Number of Inverted Registers Reported in Synthesis Report                  ; 100                ; 100                ;
; Clock MUX Protection                                                       ; On                 ; On                 ;
; Auto Gated Clock Conversion                                                ; Off                ; Off                ;
; Block Design Naming                                                        ; Auto               ; Auto               ;
; SDC constraint protection                                                  ; Off                ; Off                ;
; Synthesis Effort                                                           ; Auto               ; Auto               ;
; Shift Register Replacement - Allow Asynchronous Clear Signal               ; On                 ; On                 ;
; Pre-Mapping Resynthesis Optimization                                       ; Off                ; Off                ;
; Analysis & Synthesis Message Level                                         ; Medium             ; Medium             ;
; Disable Register Merging Across Hierarchies                                ; Auto               ; Auto               ;
; Resource Aware Inference For Block RAM                                     ; On                 ; On                 ;
+----------------------------------------------------------------------------+--------------------+--------------------+


+------------------------------------------+
; Parallel Compilation                     ;
+----------------------------+-------------+
; Processors                 ; Number      ;
+----------------------------+-------------+
; Number detected on machine ; 8           ;
; Maximum allowed            ; 4           ;
;                            ;             ;
; Average used               ; 1.00        ;
; Maximum used               ; 4           ;
;                            ;             ;
; Usage by Processor         ; % Time Used ;
;     Processor 1            ; 100.0%      ;
;     Processors 2-4         ;   0.0%      ;
+----------------------------+-------------+


+---------------------------------------------------------------------------------------------------------------------------------------------------------------------------------------------------------------------------------------------------------------------------------------+
; Analysis & Synthesis Source Files Read                                                                                                                                                                                                                                                ;
+-------------------------------------------------------------------------------------------------------+-----------------+------------------------------------+-------------------------------------------------------------------------------------------------------+----------------+
; File Name with User-Entered Path                                                                      ; Used in Netlist ; File Type                          ; File Name with Absolute Path                                                                          ; Library        ;
+-------------------------------------------------------------------------------------------------------+-----------------+------------------------------------+-------------------------------------------------------------------------------------------------------+----------------+
; c500.vhd                                                                                              ; yes             ; User Wizard-Generated File         ; C:/Users/Estudiante/Documents/temperatura/c500.vhd                                                    ;                ;
; c25.vhd                                                                                               ; yes             ; User Wizard-Generated File         ; C:/Users/Estudiante/Documents/temperatura/c25.vhd                                                     ;                ;
; c100.vhd                                                                                              ; yes             ; User Wizard-Generated File         ; C:/Users/Estudiante/Documents/temperatura/c100.vhd                                                    ;                ;
; c1.vhd                                                                                                ; yes             ; User Wizard-Generated File         ; C:/Users/Estudiante/Documents/temperatura/c1.vhd                                                      ;                ;
; temperatura.bdf                                                                                       ; yes             ; User Block Diagram/Schematic File  ; C:/Users/Estudiante/Documents/temperatura/temperatura.bdf                                             ;                ;
; restador.vhd                                                                                          ; yes             ; User VHDL File                     ; C:/Users/Estudiante/Documents/temperatura/restador.vhd                                                ;                ;
; RegSost.vhd                                                                                           ; yes             ; User VHDL File                     ; C:/Users/Estudiante/Documents/temperatura/RegSost.vhd                                                 ;                ;
; Mux4a1.vhd                                                                                            ; yes             ; User VHDL File                     ; C:/Users/Estudiante/Documents/temperatura/Mux4a1.vhd                                                  ;                ;
; Mux2a1.vhd                                                                                            ; yes             ; User VHDL File                     ; C:/Users/Estudiante/Documents/temperatura/Mux2a1.vhd                                                  ;                ;
; convToTemp.vhd                                                                                        ; yes             ; User VHDL File                     ; C:/Users/Estudiante/Documents/temperatura/convToTemp.vhd                                              ;                ;
; controlador.vhd                                                                                       ; yes             ; User VHDL File                     ; C:/Users/Estudiante/Documents/temperatura/controlador.vhd                                             ;                ;
; contador_up_down.vhd                                                                                  ; yes             ; User VHDL File                     ; C:/Users/Estudiante/Documents/temperatura/contador_up_down.vhd                                        ;                ;
; contador_up.vhd                                                                                       ; yes             ; User VHDL File                     ; C:/Users/Estudiante/Documents/temperatura/contador_up.vhd                                             ;                ;
; comparador.vhd                                                                                        ; yes             ; User VHDL File                     ; C:/Users/Estudiante/Documents/temperatura/comparador.vhd                                              ;                ;
; CLOCK_DIV_50.vhd                                                                                      ; yes             ; User VHDL File                     ; C:/Users/Estudiante/Documents/temperatura/CLOCK_DIV_50.vhd                                            ;                ;
; Binario_2BCD.vhd                                                                                      ; yes             ; User VHDL File                     ; C:/Users/Estudiante/Documents/temperatura/Binario_2BCD.vhd                                            ;                ;
; BCD7seg.vhd                                                                                           ; yes             ; User VHDL File                     ; C:/Users/Estudiante/Documents/temperatura/BCD7seg.vhd                                                 ;                ;
; ANTIREBOTE.vhd                                                                                        ; yes             ; User VHDL File                     ; C:/Users/Estudiante/Documents/temperatura/ANTIREBOTE.vhd                                              ;                ;
; c:/users/estudiante/documents/temperatura/db/ip/temperatureadc/submodules/altera_up_avalon_adv_adc.v  ; yes             ; Auto-Found Verilog HDL File        ; c:/users/estudiante/documents/temperatura/db/ip/temperatureadc/submodules/altera_up_avalon_adv_adc.v  ; temperatureADC ;
; c:/users/estudiante/documents/temperatura/db/ip/temperatureadc/submodules/temperatureadc_adc_mega_0.v ; yes             ; Auto-Found Verilog HDL File        ; c:/users/estudiante/documents/temperatura/db/ip/temperatureadc/submodules/temperatureadc_adc_mega_0.v ; temperatureADC ;
; c:/users/estudiante/documents/temperatura/db/ip/temperatureadc/temperatureadc.v                       ; yes             ; Auto-Found Verilog HDL File        ; c:/users/estudiante/documents/temperatura/db/ip/temperatureadc/temperatureadc.v                       ; temperatureADC ;
; lpm_constant.tdf                                                                                      ; yes             ; Megafunction                       ; c:/intelfpga/17.0/quartus/libraries/megafunctions/lpm_constant.tdf                                    ;                ;
+-------------------------------------------------------------------------------------------------------+-----------------+------------------------------------+-------------------------------------------------------------------------------------------------------+----------------+


+-------------------------------------------------------------------------------+
; Analysis & Synthesis Resource Usage Summary                                   ;
+---------------------------------------------+---------------------------------+
; Resource                                    ; Usage                           ;
+---------------------------------------------+---------------------------------+
; Estimated Total logic elements              ; 464                             ;
;                                             ;                                 ;
; Total combinational functions               ; 417                             ;
; Logic element usage by number of LUT inputs ;                                 ;
;     -- 4 input functions                    ; 162                             ;
;     -- 3 input functions                    ; 105                             ;
;     -- <=2 input functions                  ; 150                             ;
;                                             ;                                 ;
; Logic elements by mode                      ;                                 ;
;     -- normal mode                          ; 302                             ;
;     -- arithmetic mode                      ; 115                             ;
;                                             ;                                 ;
; Total registers                             ; 188                             ;
;     -- Dedicated logic registers            ; 188                             ;
;     -- I/O registers                        ; 0                               ;
;                                             ;                                 ;
; I/O pins                                    ; 45                              ;
;                                             ;                                 ;
; Embedded Multiplier 9-bit elements          ; 0                               ;
;                                             ;                                 ;
; Maximum fan-out node                        ; CLOCK_DIV_50:inst49|CLOCK_100Hz ;
; Maximum fan-out                             ; 98                              ;
; Total fan-out                               ; 1904                            ;
; Average fan-out                             ; 2.74                            ;
+---------------------------------------------+---------------------------------+


+----------------------------------------------------------------------------------------------------------------------------------------------------------------------------------------------------------------------------------------------------------------------------------------------------------------------------------+
; Analysis & Synthesis Resource Utilization by Entity                                                                                                                                                                                                                                                                              ;
+----------------------------------------------+---------------------+---------------------------+-------------+--------------+---------+-----------+------+--------------+-----------------------------------------------------------------------------------------------------------+---------------------------+----------------+
; Compilation Hierarchy Node                   ; Combinational ALUTs ; Dedicated Logic Registers ; Memory Bits ; DSP Elements ; DSP 9x9 ; DSP 18x18 ; Pins ; Virtual Pins ; Full Hierarchy Name                                                                                       ; Entity Name               ; Library Name   ;
+----------------------------------------------+---------------------+---------------------------+-------------+--------------+---------+-----------+------+--------------+-----------------------------------------------------------------------------------------------------------+---------------------------+----------------+
; |temperatura                                 ; 417 (3)             ; 188 (0)                   ; 0           ; 0            ; 0       ; 0         ; 45   ; 0            ; |temperatura                                                                                              ; temperatura               ; work           ;
;    |ANTIREBOTE:inst51|                       ; 2 (2)               ; 5 (5)                     ; 0           ; 0            ; 0       ; 0         ; 0    ; 0            ; |temperatura|ANTIREBOTE:inst51                                                                            ; ANTIREBOTE                ; work           ;
;    |ANTIREBOTE:inst54|                       ; 2 (2)               ; 5 (5)                     ; 0           ; 0            ; 0       ; 0         ; 0    ; 0            ; |temperatura|ANTIREBOTE:inst54                                                                            ; ANTIREBOTE                ; work           ;
;    |ANTIREBOTE:inst55|                       ; 2 (2)               ; 5 (5)                     ; 0           ; 0            ; 0       ; 0         ; 0    ; 0            ; |temperatura|ANTIREBOTE:inst55                                                                            ; ANTIREBOTE                ; work           ;
;    |ANTIREBOTE:inst57|                       ; 2 (2)               ; 5 (5)                     ; 0           ; 0            ; 0       ; 0         ; 0    ; 0            ; |temperatura|ANTIREBOTE:inst57                                                                            ; ANTIREBOTE                ; work           ;
;    |ANTIREBOTE:inst59|                       ; 2 (2)               ; 5 (5)                     ; 0           ; 0            ; 0       ; 0         ; 0    ; 0            ; |temperatura|ANTIREBOTE:inst59                                                                            ; ANTIREBOTE                ; work           ;
;    |ANTIREBOTE:inst60|                       ; 2 (2)               ; 5 (5)                     ; 0           ; 0            ; 0       ; 0         ; 0    ; 0            ; |temperatura|ANTIREBOTE:inst60                                                                            ; ANTIREBOTE                ; work           ;
;    |ANTIREBOTE:inst61|                       ; 2 (2)               ; 5 (5)                     ; 0           ; 0            ; 0       ; 0         ; 0    ; 0            ; |temperatura|ANTIREBOTE:inst61                                                                            ; ANTIREBOTE                ; work           ;
;    |BCD7Seg:inst64|                          ; 14 (14)             ; 0 (0)                     ; 0           ; 0            ; 0       ; 0         ; 0    ; 0            ; |temperatura|BCD7Seg:inst64                                                                               ; BCD7Seg                   ; work           ;
;    |BCD7Seg:inst65|                          ; 14 (14)             ; 0 (0)                     ; 0           ; 0            ; 0       ; 0         ; 0    ; 0            ; |temperatura|BCD7Seg:inst65                                                                               ; BCD7Seg                   ; work           ;
;    |BCD7Seg:inst66|                          ; 14 (14)             ; 0 (0)                     ; 0           ; 0            ; 0       ; 0         ; 0    ; 0            ; |temperatura|BCD7Seg:inst66                                                                               ; BCD7Seg                   ; work           ;
;    |BCD7Seg:inst67|                          ; 14 (14)             ; 0 (0)                     ; 0           ; 0            ; 0       ; 0         ; 0    ; 0            ; |temperatura|BCD7Seg:inst67                                                                               ; BCD7Seg                   ; work           ;
;    |Binario_2BCD:inst12|                     ; 27 (27)             ; 0 (0)                     ; 0           ; 0            ; 0       ; 0         ; 0    ; 0            ; |temperatura|Binario_2BCD:inst12                                                                          ; Binario_2BCD              ; work           ;
;    |Binario_2BCD:inst23|                     ; 26 (26)             ; 0 (0)                     ; 0           ; 0            ; 0       ; 0         ; 0    ; 0            ; |temperatura|Binario_2BCD:inst23                                                                          ; Binario_2BCD              ; work           ;
;    |CLOCK_DIV_50:inst49|                     ; 25 (25)             ; 24 (24)                   ; 0           ; 0            ; 0       ; 0         ; 0    ; 0            ; |temperatura|CLOCK_DIV_50:inst49                                                                          ; CLOCK_DIV_50              ; work           ;
;    |Mux2a1:inst19|                           ; 8 (8)               ; 0 (0)                     ; 0           ; 0            ; 0       ; 0         ; 0    ; 0            ; |temperatura|Mux2a1:inst19                                                                                ; Mux2a1                    ; work           ;
;    |Mux2a1:inst39|                           ; 1 (1)               ; 0 (0)                     ; 0           ; 0            ; 0       ; 0         ; 0    ; 0            ; |temperatura|Mux2a1:inst39                                                                                ; Mux2a1                    ; work           ;
;    |Mux2a1:inst4|                            ; 8 (8)               ; 0 (0)                     ; 0           ; 0            ; 0       ; 0         ; 0    ; 0            ; |temperatura|Mux2a1:inst4                                                                                 ; Mux2a1                    ; work           ;
;    |Mux4a1:inst10|                           ; 16 (16)             ; 0 (0)                     ; 0           ; 0            ; 0       ; 0         ; 0    ; 0            ; |temperatura|Mux4a1:inst10                                                                                ; Mux4a1                    ; work           ;
;    |RegSost:inst18|                          ; 0 (0)               ; 8 (8)                     ; 0           ; 0            ; 0       ; 0         ; 0    ; 0            ; |temperatura|RegSost:inst18                                                                               ; RegSost                   ; work           ;
;    |RegSost:inst6|                           ; 0 (0)               ; 8 (8)                     ; 0           ; 0            ; 0       ; 0         ; 0    ; 0            ; |temperatura|RegSost:inst6                                                                                ; RegSost                   ; work           ;
;    |RegSost:inst9|                           ; 8 (8)               ; 8 (8)                     ; 0           ; 0            ; 0       ; 0         ; 0    ; 0            ; |temperatura|RegSost:inst9                                                                                ; RegSost                   ; work           ;
;    |comparador:inst15|                       ; 2 (2)               ; 0 (0)                     ; 0           ; 0            ; 0       ; 0         ; 0    ; 0            ; |temperatura|comparador:inst15                                                                            ; comparador                ; work           ;
;    |comparador:inst17|                       ; 8 (8)               ; 0 (0)                     ; 0           ; 0            ; 0       ; 0         ; 0    ; 0            ; |temperatura|comparador:inst17                                                                            ; comparador                ; work           ;
;    |comparador:inst29|                       ; 8 (8)               ; 0 (0)                     ; 0           ; 0            ; 0       ; 0         ; 0    ; 0            ; |temperatura|comparador:inst29                                                                            ; comparador                ; work           ;
;    |comparador:inst2|                        ; 2 (2)               ; 0 (0)                     ; 0           ; 0            ; 0       ; 0         ; 0    ; 0            ; |temperatura|comparador:inst2                                                                             ; comparador                ; work           ;
;    |comparador:inst35|                       ; 8 (8)               ; 0 (0)                     ; 0           ; 0            ; 0       ; 0         ; 0    ; 0            ; |temperatura|comparador:inst35                                                                            ; comparador                ; work           ;
;    |comparador:inst7|                        ; 8 (8)               ; 0 (0)                     ; 0           ; 0            ; 0       ; 0         ; 0    ; 0            ; |temperatura|comparador:inst7                                                                             ; comparador                ; work           ;
;    |contador_up:inst13|                      ; 11 (11)             ; 7 (7)                     ; 0           ; 0            ; 0       ; 0         ; 0    ; 0            ; |temperatura|contador_up:inst13                                                                           ; contador_up               ; work           ;
;    |contador_up:inst|                        ; 9 (9)               ; 9 (9)                     ; 0           ; 0            ; 0       ; 0         ; 0    ; 0            ; |temperatura|contador_up:inst                                                                             ; contador_up               ; work           ;
;    |contador_up_down:inst21|                 ; 8 (8)               ; 8 (8)                     ; 0           ; 0            ; 0       ; 0         ; 0    ; 0            ; |temperatura|contador_up_down:inst21                                                                      ; contador_up_down          ; work           ;
;    |controlador:inst26|                      ; 45 (45)             ; 15 (15)                   ; 0           ; 0            ; 0       ; 0         ; 0    ; 0            ; |temperatura|controlador:inst26                                                                           ; controlador               ; work           ;
;    |convToTemp:inst8|                        ; 43 (43)             ; 0 (0)                     ; 0           ; 0            ; 0       ; 0         ; 0    ; 0            ; |temperatura|convToTemp:inst8                                                                             ; convToTemp                ; work           ;
;    |restador:inst30|                         ; 8 (8)               ; 0 (0)                     ; 0           ; 0            ; 0       ; 0         ; 0    ; 0            ; |temperatura|restador:inst30                                                                              ; restador                  ; work           ;
;    |temperatureADC:inst69|                   ; 65 (0)              ; 66 (0)                    ; 0           ; 0            ; 0       ; 0         ; 0    ; 0            ; |temperatura|temperatureADC:inst69                                                                        ; temperatureADC            ; temperatureADC ;
;       |temperatureADC_adc_mega_0:adc_mega_0| ; 65 (14)             ; 66 (13)                   ; 0           ; 0            ; 0       ; 0         ; 0    ; 0            ; |temperatura|temperatureADC:inst69|temperatureADC_adc_mega_0:adc_mega_0                                   ; temperatureADC_adc_mega_0 ; temperatureADC ;
;          |altera_up_avalon_adv_adc:ADC_CTRL| ; 51 (51)             ; 53 (53)                   ; 0           ; 0            ; 0       ; 0         ; 0    ; 0            ; |temperatura|temperatureADC:inst69|temperatureADC_adc_mega_0:adc_mega_0|altera_up_avalon_adv_adc:ADC_CTRL ; altera_up_avalon_adv_adc  ; temperatureADC ;
+----------------------------------------------+---------------------+---------------------------+-------------+--------------+---------+-----------+------+--------------+-----------------------------------------------------------------------------------------------------------+---------------------------+----------------+
Note: For table entries with two numbers listed, the numbers in parentheses indicate the number of resources of the given type used by the specific entity alone. The numbers listed outside of parentheses indicate the total resources of the given type used by the specific entity and all of its sub-entities in the hierarchy.


+--------------------------------------------------------------------------------------------------------------------------------------------------------------------+
; Analysis & Synthesis IP Cores Summary                                                                                                                              ;
+--------+--------------+---------+--------------+--------------+------------------------------------+---------------------------------------------------------------+
; Vendor ; IP Core Name ; Version ; Release Date ; License Type ; Entity Instance                    ; IP Include File                                               ;
+--------+--------------+---------+--------------+--------------+------------------------------------+---------------------------------------------------------------+
; N/A    ; Qsys         ; 17.0    ; N/A          ; N/A          ; |temperatura|temperatureADC:inst69 ; C:/Users/Estudiante/Documents/temperatura/temperatureADC.qsys ;
+--------+--------------+---------+--------------+--------------+------------------------------------+---------------------------------------------------------------+


Encoding Type:  One-Hot
+----------------------------------------------------------------------------------------------------------------------+
; State Machine - |temperatura|controlador:inst26|y                                                                    ;
+-------+-------+-------+-------+-------+-------+-------+------+------+------+------+------+------+------+------+------+
; Name  ; y.T15 ; y.T14 ; y.T13 ; y.T12 ; y.T11 ; y.T10 ; y.T9 ; y.T8 ; y.T7 ; y.T6 ; y.T5 ; y.T4 ; y.T3 ; y.T2 ; y.T1 ;
+-------+-------+-------+-------+-------+-------+-------+------+------+------+------+------+------+------+------+------+
; y.T1  ; 0     ; 0     ; 0     ; 0     ; 0     ; 0     ; 0    ; 0    ; 0    ; 0    ; 0    ; 0    ; 0    ; 0    ; 0    ;
; y.T2  ; 0     ; 0     ; 0     ; 0     ; 0     ; 0     ; 0    ; 0    ; 0    ; 0    ; 0    ; 0    ; 0    ; 1    ; 1    ;
; y.T3  ; 0     ; 0     ; 0     ; 0     ; 0     ; 0     ; 0    ; 0    ; 0    ; 0    ; 0    ; 0    ; 1    ; 0    ; 1    ;
; y.T4  ; 0     ; 0     ; 0     ; 0     ; 0     ; 0     ; 0    ; 0    ; 0    ; 0    ; 0    ; 1    ; 0    ; 0    ; 1    ;
; y.T5  ; 0     ; 0     ; 0     ; 0     ; 0     ; 0     ; 0    ; 0    ; 0    ; 0    ; 1    ; 0    ; 0    ; 0    ; 1    ;
; y.T6  ; 0     ; 0     ; 0     ; 0     ; 0     ; 0     ; 0    ; 0    ; 0    ; 1    ; 0    ; 0    ; 0    ; 0    ; 1    ;
; y.T7  ; 0     ; 0     ; 0     ; 0     ; 0     ; 0     ; 0    ; 0    ; 1    ; 0    ; 0    ; 0    ; 0    ; 0    ; 1    ;
; y.T8  ; 0     ; 0     ; 0     ; 0     ; 0     ; 0     ; 0    ; 1    ; 0    ; 0    ; 0    ; 0    ; 0    ; 0    ; 1    ;
; y.T9  ; 0     ; 0     ; 0     ; 0     ; 0     ; 0     ; 1    ; 0    ; 0    ; 0    ; 0    ; 0    ; 0    ; 0    ; 1    ;
; y.T10 ; 0     ; 0     ; 0     ; 0     ; 0     ; 1     ; 0    ; 0    ; 0    ; 0    ; 0    ; 0    ; 0    ; 0    ; 1    ;
; y.T11 ; 0     ; 0     ; 0     ; 0     ; 1     ; 0     ; 0    ; 0    ; 0    ; 0    ; 0    ; 0    ; 0    ; 0    ; 1    ;
; y.T12 ; 0     ; 0     ; 0     ; 1     ; 0     ; 0     ; 0    ; 0    ; 0    ; 0    ; 0    ; 0    ; 0    ; 0    ; 1    ;
; y.T13 ; 0     ; 0     ; 1     ; 0     ; 0     ; 0     ; 0    ; 0    ; 0    ; 0    ; 0    ; 0    ; 0    ; 0    ; 1    ;
; y.T14 ; 0     ; 1     ; 0     ; 0     ; 0     ; 0     ; 0    ; 0    ; 0    ; 0    ; 0    ; 0    ; 0    ; 0    ; 1    ;
; y.T15 ; 1     ; 0     ; 0     ; 0     ; 0     ; 0     ; 0    ; 0    ; 0    ; 0    ; 0    ; 0    ; 0    ; 0    ; 1    ;
+-------+-------+-------+-------+-------+-------+-------+------+------+------+------+------+------+------+------+------+


Encoding Type:  One-Hot
+---------------------------------------------------------------------------------------------------------------------------------------+
; State Machine - |temperatura|temperatureADC:inst69|temperatureADC_adc_mega_0:adc_mega_0|altera_up_avalon_adv_adc:ADC_CTRL|currState   ;
+----------------------+---------------------+----------------------+---------------------+----------------------+----------------------+
; Name                 ; currState.doneState ; currState.transState ; currState.waitState ; currState.resetState ; currState.pauseState ;
+----------------------+---------------------+----------------------+---------------------+----------------------+----------------------+
; currState.resetState ; 0                   ; 0                    ; 0                   ; 0                    ; 0                    ;
; currState.waitState  ; 0                   ; 0                    ; 1                   ; 1                    ; 0                    ;
; currState.transState ; 0                   ; 1                    ; 0                   ; 1                    ; 0                    ;
; currState.doneState  ; 1                   ; 0                    ; 0                   ; 1                    ; 0                    ;
; currState.pauseState ; 0                   ; 0                    ; 0                   ; 1                    ; 1                    ;
+----------------------+---------------------+----------------------+---------------------+----------------------+----------------------+


+------------------------------------------------------------+
; Logic Cells Representing Combinational Loops               ;
+--------------------------------------------------------+---+
; Logic Cell Name                                        ;   ;
+--------------------------------------------------------+---+
; Mux2a1:inst39|s[0]~0                                   ;   ;
; Number of logic cells representing combinational loops ; 1 ;
+--------------------------------------------------------+---+
Note: All cells listed above may not be present at the end of synthesis due to various synthesis optimizations.


+-------------------------------------------------------------------------------------------------------------------------------+
; Registers Removed During Synthesis                                                                                            ;
+----------------------------------------------------------------------------------------------------------+--------------------+
; Register name                                                                                            ; Reason for Removal ;
+----------------------------------------------------------------------------------------------------------+--------------------+
; temperatureADC:inst69|temperatureADC_adc_mega_0:adc_mega_0|altera_up_avalon_adv_adc:ADC_CTRL|currState~2 ; Lost fanout        ;
; temperatureADC:inst69|temperatureADC_adc_mega_0:adc_mega_0|altera_up_avalon_adv_adc:ADC_CTRL|currState~3 ; Lost fanout        ;
; Total Number of Removed Registers = 2                                                                    ;                    ;
+----------------------------------------------------------------------------------------------------------+--------------------+


+------------------------------------------------------+
; General Register Statistics                          ;
+----------------------------------------------+-------+
; Statistic                                    ; Value ;
+----------------------------------------------+-------+
; Total registers                              ; 188   ;
; Number of registers using Synchronous Clear  ; 15    ;
; Number of registers using Synchronous Load   ; 16    ;
; Number of registers using Asynchronous Clear ; 72    ;
; Number of registers using Asynchronous Load  ; 0     ;
; Number of registers using Clock Enable       ; 90    ;
; Number of registers using Preset             ; 0     ;
+----------------------------------------------+-------+


+-------------------------------------------------------------------------------------------------------------------+
; Inverted Register Statistics                                                                                      ;
+---------------------------------------------------------------------------------------------------------+---------+
; Inverted Register                                                                                       ; Fan out ;
+---------------------------------------------------------------------------------------------------------+---------+
; temperatureADC:inst69|temperatureADC_adc_mega_0:adc_mega_0|altera_up_avalon_adv_adc:ADC_CTRL|counter[0] ; 2       ;
; temperatureADC:inst69|temperatureADC_adc_mega_0:adc_mega_0|altera_up_avalon_adv_adc:ADC_CTRL|counter[1] ; 2       ;
; temperatureADC:inst69|temperatureADC_adc_mega_0:adc_mega_0|altera_up_avalon_adv_adc:ADC_CTRL|counter[2] ; 2       ;
; temperatureADC:inst69|temperatureADC_adc_mega_0:adc_mega_0|altera_up_avalon_adv_adc:ADC_CTRL|sclk       ; 6       ;
; Total number of inverted registers = 4                                                                  ;         ;
+---------------------------------------------------------------------------------------------------------+---------+


+-------------------------------------------------------------------------------------------------------------------------------------------------------------------------------------------------------------------------------------------+
; Multiplexer Restructuring Statistics (Restructuring Performed)                                                                                                                                                                            ;
+--------------------+-----------+---------------+----------------------+------------------------+------------+-----------------------------------------------------------------------------------------------------------------------------+
; Multiplexer Inputs ; Bus Width ; Baseline Area ; Area if Restructured ; Saving if Restructured ; Registered ; Example Multiplexer Output                                                                                                  ;
+--------------------+-----------+---------------+----------------------+------------------------+------------+-----------------------------------------------------------------------------------------------------------------------------+
; 3:1                ; 12 bits   ; 24 LEs        ; 12 LEs               ; 12 LEs                 ; Yes        ; |temperatura|temperatureADC:inst69|temperatureADC_adc_mega_0:adc_mega_0|CH0[11]                                             ;
; 3:1                ; 3 bits    ; 6 LEs         ; 3 LEs                ; 3 LEs                  ; Yes        ; |temperatura|temperatureADC:inst69|temperatureADC_adc_mega_0:adc_mega_0|altera_up_avalon_adv_adc:ADC_CTRL|address[0]        ;
; 3:1                ; 5 bits    ; 10 LEs        ; 5 LEs                ; 5 LEs                  ; Yes        ; |temperatura|temperatureADC:inst69|temperatureADC_adc_mega_0:adc_mega_0|altera_up_avalon_adv_adc:ADC_CTRL|counter[7]        ;
; 3:1                ; 4 bits    ; 8 LEs         ; 4 LEs                ; 4 LEs                  ; Yes        ; |temperatura|temperatureADC:inst69|temperatureADC_adc_mega_0:adc_mega_0|altera_up_avalon_adv_adc:ADC_CTRL|sclk_counter[0]   ;
; 4:1                ; 3 bits    ; 6 LEs         ; 3 LEs                ; 3 LEs                  ; Yes        ; |temperatura|temperatureADC:inst69|temperatureADC_adc_mega_0:adc_mega_0|altera_up_avalon_adv_adc:ADC_CTRL|addr_shift_reg[3] ;
; 4:1                ; 2 bits    ; 4 LEs         ; 4 LEs                ; 0 LEs                  ; Yes        ; |temperatura|temperatureADC:inst69|temperatureADC_adc_mega_0:adc_mega_0|altera_up_avalon_adv_adc:ADC_CTRL|addr_shift_reg[2] ;
; 3:1                ; 3 bits    ; 6 LEs         ; 3 LEs                ; 3 LEs                  ; Yes        ; |temperatura|temperatureADC:inst69|temperatureADC_adc_mega_0:adc_mega_0|altera_up_avalon_adv_adc:ADC_CTRL|counter[0]        ;
; 4:1                ; 8 bits    ; 16 LEs        ; 16 LEs               ; 0 LEs                  ; No         ; |temperatura|Mux4a1:inst10|Mux1                                                                                             ;
; 15:1               ; 5 bits    ; 50 LEs        ; 20 LEs               ; 30 LEs                 ; No         ; |temperatura|controlador:inst26|Selector13                                                                                  ;
+--------------------+-----------+---------------+----------------------+------------------------+------------+-----------------------------------------------------------------------------------------------------------------------------+


+------------------------------------------------------------+
; Parameter Settings for User Entity Instance: Mux2a1:inst39 ;
+----------------+-------+-----------------------------------+
; Parameter Name ; Value ; Type                              ;
+----------------+-------+-----------------------------------+
; n              ; 1     ; Signed Integer                    ;
+----------------+-------+-----------------------------------+
Note: In order to hide this table in the UI and the text report file, please set the "Show Parameter Settings in Synthesis Report" option in "Analysis and Synthesis Settings -> More Settings" to "Off".


+------------------------------------------------------------+
; Parameter Settings for User Entity Instance: Mux2a1:inst32 ;
+----------------+-------+-----------------------------------+
; Parameter Name ; Value ; Type                              ;
+----------------+-------+-----------------------------------+
; n              ; 1     ; Signed Integer                    ;
+----------------+-------+-----------------------------------+
Note: In order to hide this table in the UI and the text report file, please set the "Show Parameter Settings in Synthesis Report" option in "Analysis and Synthesis Settings -> More Settings" to "Off".


+----------------------------------------------------------------+
; Parameter Settings for User Entity Instance: comparador:inst29 ;
+----------------+-------+---------------------------------------+
; Parameter Name ; Value ; Type                                  ;
+----------------+-------+---------------------------------------+
; n              ; 8     ; Signed Integer                        ;
+----------------+-------+---------------------------------------+
Note: In order to hide this table in the UI and the text report file, please set the "Show Parameter Settings in Synthesis Report" option in "Analysis and Synthesis Settings -> More Settings" to "Off".


+------------------------------------------------------------+
; Parameter Settings for User Entity Instance: RegSost:inst9 ;
+----------------+-------+-----------------------------------+
; Parameter Name ; Value ; Type                              ;
+----------------+-------+-----------------------------------+
; n              ; 8     ; Signed Integer                    ;
+----------------+-------+-----------------------------------+
Note: In order to hide this table in the UI and the text report file, please set the "Show Parameter Settings in Synthesis Report" option in "Analysis and Synthesis Settings -> More Settings" to "Off".


+----------------------------------------------------------------+
; Parameter Settings for User Entity Instance: comparador:inst15 ;
+----------------+-------+---------------------------------------+
; Parameter Name ; Value ; Type                                  ;
+----------------+-------+---------------------------------------+
; n              ; 7     ; Signed Integer                        ;
+----------------+-------+---------------------------------------+
Note: In order to hide this table in the UI and the text report file, please set the "Show Parameter Settings in Synthesis Report" option in "Analysis and Synthesis Settings -> More Settings" to "Off".


+-----------------------------------------------------------------+
; Parameter Settings for User Entity Instance: contador_up:inst13 ;
+----------------+-------+----------------------------------------+
; Parameter Name ; Value ; Type                                   ;
+----------------+-------+----------------------------------------+
; n              ; 7     ; Signed Integer                         ;
+----------------+-------+----------------------------------------+
Note: In order to hide this table in the UI and the text report file, please set the "Show Parameter Settings in Synthesis Report" option in "Analysis and Synthesis Settings -> More Settings" to "Off".


+----------------------------------------------------------------------------------------------+
; Parameter Settings for User Entity Instance: c100:inst62|lpm_constant:LPM_CONSTANT_component ;
+--------------------+------------------+------------------------------------------------------+
; Parameter Name     ; Value            ; Type                                                 ;
+--------------------+------------------+------------------------------------------------------+
; LPM_WIDTH          ; 7                ; Signed Integer                                       ;
; LPM_CVALUE         ; 100              ; Signed Integer                                       ;
; ENABLE_RUNTIME_MOD ; NO               ; Untyped                                              ;
; CBXI_PARAMETER     ; lpm_constant_3g6 ; Untyped                                              ;
+--------------------+------------------+------------------------------------------------------+
Note: In order to hide this table in the UI and the text report file, please set the "Show Parameter Settings in Synthesis Report" option in "Analysis and Synthesis Settings -> More Settings" to "Off".


+---------------------------------------------------------------------------------------------------------+
; Parameter Settings for User Entity Instance: temperatureADC:inst69|temperatureADC_adc_mega_0:adc_mega_0 ;
+----------------+------------+---------------------------------------------------------------------------+
; Parameter Name ; Value      ; Type                                                                      ;
+----------------+------------+---------------------------------------------------------------------------+
; tsclk          ; 16         ; Signed Integer                                                            ;
; numch          ; 8          ; Signed Integer                                                            ;
; board          ; DE0-Nano   ; String                                                                    ;
; board_rev      ; Autodetect ; String                                                                    ;
; max10pllmultby ; 1          ; Signed Integer                                                            ;
; max10plldivby  ; 1          ; Signed Integer                                                            ;
+----------------+------------+---------------------------------------------------------------------------+
Note: In order to hide this table in the UI and the text report file, please set the "Show Parameter Settings in Synthesis Report" option in "Analysis and Synthesis Settings -> More Settings" to "Off".


+-------------------------------------------------------------------------------------------------------------------------------------------+
; Parameter Settings for User Entity Instance: temperatureADC:inst69|temperatureADC_adc_mega_0:adc_mega_0|altera_up_avalon_adv_adc:ADC_CTRL ;
+-----------------------+------------+------------------------------------------------------------------------------------------------------+
; Parameter Name        ; Value      ; Type                                                                                                 ;
+-----------------------+------------+------------------------------------------------------------------------------------------------------+
; T_SCLK                ; 16         ; Signed Integer                                                                                       ;
; NUM_CH                ; 8          ; Signed Integer                                                                                       ;
; BOARD                 ; DE0-Nano   ; String                                                                                               ;
; BOARD_REV             ; Autodetect ; String                                                                                               ;
; MAX10_PLL_MULTIPLY_BY ; 1          ; Signed Integer                                                                                       ;
; MAX10_PLL_DIVIDE_BY   ; 10         ; Signed Integer                                                                                       ;
+-----------------------+------------+------------------------------------------------------------------------------------------------------+
Note: In order to hide this table in the UI and the text report file, please set the "Show Parameter Settings in Synthesis Report" option in "Analysis and Synthesis Settings -> More Settings" to "Off".


+--------------------------------------------------------------+
; Parameter Settings for User Entity Instance: restador:inst30 ;
+----------------+-------+-------------------------------------+
; Parameter Name ; Value ; Type                                ;
+----------------+-------+-------------------------------------+
; n              ; 8     ; Signed Integer                      ;
+----------------+-------+-------------------------------------+
Note: In order to hide this table in the UI and the text report file, please set the "Show Parameter Settings in Synthesis Report" option in "Analysis and Synthesis Settings -> More Settings" to "Off".


+----------------------------------------------------------------------+
; Parameter Settings for User Entity Instance: contador_up_down:inst21 ;
+----------------+-------+---------------------------------------------+
; Parameter Name ; Value ; Type                                        ;
+----------------+-------+---------------------------------------------+
; n              ; 8     ; Signed Integer                              ;
+----------------+-------+---------------------------------------------+
Note: In order to hide this table in the UI and the text report file, please set the "Show Parameter Settings in Synthesis Report" option in "Analysis and Synthesis Settings -> More Settings" to "Off".


+---------------------------------------------------------------+
; Parameter Settings for User Entity Instance: comparador:inst2 ;
+----------------+-------+--------------------------------------+
; Parameter Name ; Value ; Type                                 ;
+----------------+-------+--------------------------------------+
; n              ; 9     ; Signed Integer                       ;
+----------------+-------+--------------------------------------+
Note: In order to hide this table in the UI and the text report file, please set the "Show Parameter Settings in Synthesis Report" option in "Analysis and Synthesis Settings -> More Settings" to "Off".


+---------------------------------------------------------------+
; Parameter Settings for User Entity Instance: contador_up:inst ;
+----------------+-------+--------------------------------------+
; Parameter Name ; Value ; Type                                 ;
+----------------+-------+--------------------------------------+
; n              ; 9     ; Signed Integer                       ;
+----------------+-------+--------------------------------------+
Note: In order to hide this table in the UI and the text report file, please set the "Show Parameter Settings in Synthesis Report" option in "Analysis and Synthesis Settings -> More Settings" to "Off".


+----------------------------------------------------------------------------------------------+
; Parameter Settings for User Entity Instance: c500:inst63|lpm_constant:LPM_CONSTANT_component ;
+--------------------+------------------+------------------------------------------------------+
; Parameter Name     ; Value            ; Type                                                 ;
+--------------------+------------------+------------------------------------------------------+
; LPM_WIDTH          ; 9                ; Signed Integer                                       ;
; LPM_CVALUE         ; 500              ; Signed Integer                                       ;
; ENABLE_RUNTIME_MOD ; NO               ; Untyped                                              ;
; CBXI_PARAMETER     ; lpm_constant_6j6 ; Untyped                                              ;
+--------------------+------------------+------------------------------------------------------+
Note: In order to hide this table in the UI and the text report file, please set the "Show Parameter Settings in Synthesis Report" option in "Analysis and Synthesis Settings -> More Settings" to "Off".


+---------------------------------------------------------------+
; Parameter Settings for User Entity Instance: comparador:inst7 ;
+----------------+-------+--------------------------------------+
; Parameter Name ; Value ; Type                                 ;
+----------------+-------+--------------------------------------+
; n              ; 8     ; Signed Integer                       ;
+----------------+-------+--------------------------------------+
Note: In order to hide this table in the UI and the text report file, please set the "Show Parameter Settings in Synthesis Report" option in "Analysis and Synthesis Settings -> More Settings" to "Off".


+------------------------------------------------------------+
; Parameter Settings for User Entity Instance: RegSost:inst6 ;
+----------------+-------+-----------------------------------+
; Parameter Name ; Value ; Type                              ;
+----------------+-------+-----------------------------------+
; n              ; 8     ; Signed Integer                    ;
+----------------+-------+-----------------------------------+
Note: In order to hide this table in the UI and the text report file, please set the "Show Parameter Settings in Synthesis Report" option in "Analysis and Synthesis Settings -> More Settings" to "Off".


+-----------------------------------------------------------+
; Parameter Settings for User Entity Instance: Mux2a1:inst4 ;
+----------------+-------+----------------------------------+
; Parameter Name ; Value ; Type                             ;
+----------------+-------+----------------------------------+
; n              ; 8     ; Signed Integer                   ;
+----------------+-------+----------------------------------+
Note: In order to hide this table in the UI and the text report file, please set the "Show Parameter Settings in Synthesis Report" option in "Analysis and Synthesis Settings -> More Settings" to "Off".


+----------------------------------------------------------------+
; Parameter Settings for User Entity Instance: comparador:inst17 ;
+----------------+-------+---------------------------------------+
; Parameter Name ; Value ; Type                                  ;
+----------------+-------+---------------------------------------+
; n              ; 8     ; Signed Integer                        ;
+----------------+-------+---------------------------------------+
Note: In order to hide this table in the UI and the text report file, please set the "Show Parameter Settings in Synthesis Report" option in "Analysis and Synthesis Settings -> More Settings" to "Off".


+-------------------------------------------------------------+
; Parameter Settings for User Entity Instance: RegSost:inst18 ;
+----------------+-------+------------------------------------+
; Parameter Name ; Value ; Type                               ;
+----------------+-------+------------------------------------+
; n              ; 8     ; Signed Integer                     ;
+----------------+-------+------------------------------------+
Note: In order to hide this table in the UI and the text report file, please set the "Show Parameter Settings in Synthesis Report" option in "Analysis and Synthesis Settings -> More Settings" to "Off".


+------------------------------------------------------------+
; Parameter Settings for User Entity Instance: Mux2a1:inst19 ;
+----------------+-------+-----------------------------------+
; Parameter Name ; Value ; Type                              ;
+----------------+-------+-----------------------------------+
; n              ; 8     ; Signed Integer                    ;
+----------------+-------+-----------------------------------+
Note: In order to hide this table in the UI and the text report file, please set the "Show Parameter Settings in Synthesis Report" option in "Analysis and Synthesis Settings -> More Settings" to "Off".


+---------------------------------------------------------------------------------------------+
; Parameter Settings for User Entity Instance: c25:inst22|lpm_constant:LPM_CONSTANT_component ;
+--------------------+------------------+-----------------------------------------------------+
; Parameter Name     ; Value            ; Type                                                ;
+--------------------+------------------+-----------------------------------------------------+
; LPM_WIDTH          ; 8                ; Signed Integer                                      ;
; LPM_CVALUE         ; 25               ; Signed Integer                                      ;
; ENABLE_RUNTIME_MOD ; NO               ; Untyped                                             ;
; CBXI_PARAMETER     ; lpm_constant_4g6 ; Untyped                                             ;
+--------------------+------------------+-----------------------------------------------------+
Note: In order to hide this table in the UI and the text report file, please set the "Show Parameter Settings in Synthesis Report" option in "Analysis and Synthesis Settings -> More Settings" to "Off".


+--------------------------------------------------------------------------------------------+
; Parameter Settings for User Entity Instance: c1:inst31|lpm_constant:LPM_CONSTANT_component ;
+--------------------+------------------+----------------------------------------------------+
; Parameter Name     ; Value            ; Type                                               ;
+--------------------+------------------+----------------------------------------------------+
; LPM_WIDTH          ; 8                ; Signed Integer                                     ;
; LPM_CVALUE         ; 1                ; Signed Integer                                     ;
; ENABLE_RUNTIME_MOD ; NO               ; Untyped                                            ;
; CBXI_PARAMETER     ; lpm_constant_rf6 ; Untyped                                            ;
+--------------------+------------------+----------------------------------------------------+
Note: In order to hide this table in the UI and the text report file, please set the "Show Parameter Settings in Synthesis Report" option in "Analysis and Synthesis Settings -> More Settings" to "Off".


+------------------------------------------------------------+
; Parameter Settings for User Entity Instance: Mux2a1:inst36 ;
+----------------+-------+-----------------------------------+
; Parameter Name ; Value ; Type                              ;
+----------------+-------+-----------------------------------+
; n              ; 1     ; Signed Integer                    ;
+----------------+-------+-----------------------------------+
Note: In order to hide this table in the UI and the text report file, please set the "Show Parameter Settings in Synthesis Report" option in "Analysis and Synthesis Settings -> More Settings" to "Off".


+----------------------------------------------------------------+
; Parameter Settings for User Entity Instance: comparador:inst35 ;
+----------------+-------+---------------------------------------+
; Parameter Name ; Value ; Type                                  ;
+----------------+-------+---------------------------------------+
; n              ; 8     ; Signed Integer                        ;
+----------------+-------+---------------------------------------+
Note: In order to hide this table in the UI and the text report file, please set the "Show Parameter Settings in Synthesis Report" option in "Analysis and Synthesis Settings -> More Settings" to "Off".


+------------------------------------------------------------+
; Parameter Settings for User Entity Instance: Mux4a1:inst10 ;
+----------------+-------+-----------------------------------+
; Parameter Name ; Value ; Type                              ;
+----------------+-------+-----------------------------------+
; n              ; 8     ; Signed Integer                    ;
+----------------+-------+-----------------------------------+
Note: In order to hide this table in the UI and the text report file, please set the "Show Parameter Settings in Synthesis Report" option in "Analysis and Synthesis Settings -> More Settings" to "Off".


+----------------------------------------------------------------+
; Parameter Settings for User Entity Instance: comparador:inst24 ;
+----------------+-------+---------------------------------------+
; Parameter Name ; Value ; Type                                  ;
+----------------+-------+---------------------------------------+
; n              ; 8     ; Signed Integer                        ;
+----------------+-------+---------------------------------------+
Note: In order to hide this table in the UI and the text report file, please set the "Show Parameter Settings in Synthesis Report" option in "Analysis and Synthesis Settings -> More Settings" to "Off".


+----------------------------------------------------------------------------------------------+
; Parameter Settings for User Entity Instance: c100:inst25|lpm_constant:LPM_CONSTANT_component ;
+--------------------+------------------+------------------------------------------------------+
; Parameter Name     ; Value            ; Type                                                 ;
+--------------------+------------------+------------------------------------------------------+
; LPM_WIDTH          ; 7                ; Signed Integer                                       ;
; LPM_CVALUE         ; 100              ; Signed Integer                                       ;
; ENABLE_RUNTIME_MOD ; NO               ; Untyped                                              ;
; CBXI_PARAMETER     ; lpm_constant_3g6 ; Untyped                                              ;
+--------------------+------------------+------------------------------------------------------+
Note: In order to hide this table in the UI and the text report file, please set the "Show Parameter Settings in Synthesis Report" option in "Analysis and Synthesis Settings -> More Settings" to "Off".


+-----------------------------------------------------+
; Post-Synthesis Netlist Statistics for Top Partition ;
+-----------------------+-----------------------------+
; Type                  ; Count                       ;
+-----------------------+-----------------------------+
; boundary_port         ; 45                          ;
; cycloneiii_ff         ; 188                         ;
;     CLR               ; 21                          ;
;     CLR SLD           ; 8                           ;
;     ENA               ; 47                          ;
;     ENA CLR           ; 26                          ;
;     ENA CLR SCLR      ; 9                           ;
;     ENA CLR SLD       ; 8                           ;
;     SCLR              ; 6                           ;
;     plain             ; 63                          ;
; cycloneiii_lcell_comb ; 423                         ;
;     arith             ; 115                         ;
;         1 data inputs ; 1                           ;
;         2 data inputs ; 51                          ;
;         3 data inputs ; 63                          ;
;     normal            ; 308                         ;
;         0 data inputs ; 1                           ;
;         1 data inputs ; 24                          ;
;         2 data inputs ; 79                          ;
;         3 data inputs ; 42                          ;
;         4 data inputs ; 162                         ;
;                       ;                             ;
; Max LUT depth         ; 12.00                       ;
; Average LUT depth     ; 4.18                        ;
+-----------------------+-----------------------------+


+-------------------------------+
; Elapsed Time Per Partition    ;
+----------------+--------------+
; Partition Name ; Elapsed Time ;
+----------------+--------------+
; Top            ; 00:00:01     ;
+----------------+--------------+


+-------------------------------+
; Analysis & Synthesis Messages ;
+-------------------------------+
Info: *******************************************************************
Info: Running Quartus Prime Analysis & Synthesis
    Info: Version 17.0.0 Build 595 04/25/2017 SJ Standard Edition
    Info: Processing started: Tue Jan 08 17:04:46 2019
Info: Command: quartus_map --read_settings_files=on --write_settings_files=off temperatura -c temperatura
Warning (18236): Number of processors has not been specified which may cause overloading on shared machines.  Set the global assignment NUM_PARALLEL_PROCESSORS in your QSF to an appropriate value for best performance.
Info (20030): Parallel compilation is enabled and will use 4 of the 4 processors detected
Info (12248): Elaborating Qsys system entity "temperatureADC.qsys"
Info (12250): 2019.01.08.17:05:01 Progress: Loading temperatura/temperatureADC.qsys
Info (12250): 2019.01.08.17:05:02 Progress: Reading input file
Info (12250): 2019.01.08.17:05:02 Progress: Adding adc_mega_0 [altera_up_avalon_adc_mega 18.0]
Warning (12251): Adc_mega_0: Used altera_up_avalon_adc_mega 17.0 (instead of 18.0)
Info (12250): 2019.01.08.17:05:03 Progress: Parameterizing module adc_mega_0
Info (12250): 2019.01.08.17:05:03 Progress: Building connections
Info (12250): 2019.01.08.17:05:03 Progress: Parameterizing connections
Info (12250): 2019.01.08.17:05:03 Progress: Validating
Info (12250): 2019.01.08.17:05:03 Progress: Done reading input file
Info (12250): TemperatureADC: Generating temperatureADC "temperatureADC" for QUARTUS_SYNTH
Info (12250): Adc_mega_0: Starting Generation of ADC Controller for DE-series Board
Info (12250): Adc_mega_0: C:/intelfpga/17.0/ip/altera/university_program/input_output/altera_up_avalon_adc/hdl/altera_up_avalon_adv_adc.v C:/Users/ESTUDI~1/AppData/Local/Temp/alt7904_3834227860811149581.dir/0001_sopcgen/temperatureADC_adc_mega_0.v
Info (12250): Adc_mega_0: "temperatureADC" instantiated altera_up_avalon_adc_mega "adc_mega_0"
Info (12250): TemperatureADC: Done "temperatureADC" with 2 modules, 3 files
Info (12249): Finished elaborating Qsys system entity "temperatureADC.qsys"
Info (12248): Elaborating Qsys system entity "ADCtemp.qsys"
Info (12250): 2019.01.08.17:05:12 Progress: Loading temperatura/ADCtemp.qsys
Info (12250): 2019.01.08.17:05:12 Progress: Reading input file
Info (12250): 2019.01.08.17:05:12 Progress: Adding adc_mega_0 [altera_up_avalon_adc_mega 18.0]
Warning (12251): Adc_mega_0: Used altera_up_avalon_adc_mega 17.0 (instead of 18.0)
Info (12250): 2019.01.08.17:05:13 Progress: Parameterizing module adc_mega_0
Info (12250): 2019.01.08.17:05:13 Progress: Building connections
Info (12250): 2019.01.08.17:05:13 Progress: Parameterizing connections
Info (12250): 2019.01.08.17:05:13 Progress: Validating
Info (12250): 2019.01.08.17:05:13 Progress: Done reading input file
Info (12250): ADCtemp: Generating ADCtemp "ADCtemp" for QUARTUS_SYNTH
Info (12250): Adc_mega_0: Starting Generation of ADC Controller for DE-series Board
Info (12250): Adc_mega_0: C:/intelfpga/17.0/ip/altera/university_program/input_output/altera_up_avalon_adc/hdl/altera_up_avalon_adv_adc.v C:/Users/ESTUDI~1/AppData/Local/Temp/alt7904_8558464503389100495.dir/0001_sopcgen/ADCtemp_adc_mega_0.v
Info (12250): Adc_mega_0: "ADCtemp" instantiated altera_up_avalon_adc_mega "adc_mega_0"
Info (12250): ADCtemp: Done "ADCtemp" with 2 modules, 3 files
Info (12249): Finished elaborating Qsys system entity "ADCtemp.qsys"
Info (12021): Found 2 design units, including 1 entities, in source file c500.vhd
    Info (12022): Found design unit 1: c500-SYN File: C:/Users/Estudiante/Documents/temperatura/c500.vhd Line: 50
    Info (12023): Found entity 1: c500 File: C:/Users/Estudiante/Documents/temperatura/c500.vhd Line: 42
Info (12021): Found 2 design units, including 1 entities, in source file c25.vhd
    Info (12022): Found design unit 1: c25-SYN File: C:/Users/Estudiante/Documents/temperatura/c25.vhd Line: 50
    Info (12023): Found entity 1: c25 File: C:/Users/Estudiante/Documents/temperatura/c25.vhd Line: 42
Info (12021): Found 2 design units, including 1 entities, in source file c2.vhd
    Info (12022): Found design unit 1: c2-SYN File: C:/Users/Estudiante/Documents/temperatura/C2.vhd Line: 50
    Info (12023): Found entity 1: C2 File: C:/Users/Estudiante/Documents/temperatura/C2.vhd Line: 42
Info (12021): Found 2 design units, including 1 entities, in source file c100.vhd
    Info (12022): Found design unit 1: c100-SYN File: C:/Users/Estudiante/Documents/temperatura/c100.vhd Line: 50
    Info (12023): Found entity 1: c100 File: C:/Users/Estudiante/Documents/temperatura/c100.vhd Line: 42
Info (12021): Found 2 design units, including 1 entities, in source file c1.vhd
    Info (12022): Found design unit 1: c1-SYN File: C:/Users/Estudiante/Documents/temperatura/c1.vhd Line: 50
    Info (12023): Found entity 1: c1 File: C:/Users/Estudiante/Documents/temperatura/c1.vhd Line: 42
Info (12021): Found 1 design units, including 1 entities, in source file temperatura.bdf
    Info (12023): Found entity 1: temperatura
Info (12021): Found 2 design units, including 1 entities, in source file restador.vhd
    Info (12022): Found design unit 1: restador-comp File: C:/Users/Estudiante/Documents/temperatura/restador.vhd Line: 12
    Info (12023): Found entity 1: restador File: C:/Users/Estudiante/Documents/temperatura/restador.vhd Line: 4
Info (12021): Found 2 design units, including 1 entities, in source file regsost.vhd
    Info (12022): Found design unit 1: RegSost-sol File: C:/Users/Estudiante/Documents/temperatura/RegSost.vhd Line: 12
    Info (12023): Found entity 1: RegSost File: C:/Users/Estudiante/Documents/temperatura/RegSost.vhd Line: 4
Info (12021): Found 2 design units, including 1 entities, in source file mux4a1.vhd
    Info (12022): Found design unit 1: Mux4a1-sol File: C:/Users/Estudiante/Documents/temperatura/Mux4a1.vhd Line: 11
    Info (12023): Found entity 1: Mux4a1 File: C:/Users/Estudiante/Documents/temperatura/Mux4a1.vhd Line: 4
Info (12021): Found 2 design units, including 1 entities, in source file mux2a1.vhd
    Info (12022): Found design unit 1: Mux2a1-sol File: C:/Users/Estudiante/Documents/temperatura/Mux2a1.vhd Line: 11
    Info (12023): Found entity 1: Mux2a1 File: C:/Users/Estudiante/Documents/temperatura/Mux2a1.vhd Line: 4
Info (12021): Found 2 design units, including 1 entities, in source file convtotemp.vhd
    Info (12022): Found design unit 1: convToTemp-comp File: C:/Users/Estudiante/Documents/temperatura/convToTemp.vhd Line: 12
    Info (12023): Found entity 1: convToTemp File: C:/Users/Estudiante/Documents/temperatura/convToTemp.vhd Line: 5
Info (12021): Found 2 design units, including 1 entities, in source file controlador.vhd
    Info (12022): Found design unit 1: controlador-sol File: C:/Users/Estudiante/Documents/temperatura/controlador.vhd Line: 15
    Info (12023): Found entity 1: controlador File: C:/Users/Estudiante/Documents/temperatura/controlador.vhd Line: 4
Info (12021): Found 2 design units, including 1 entities, in source file contador_up_down.vhd
    Info (12022): Found design unit 1: contador_up_down-sol File: C:/Users/Estudiante/Documents/temperatura/contador_up_down.vhd Line: 12
    Info (12023): Found entity 1: contador_up_down File: C:/Users/Estudiante/Documents/temperatura/contador_up_down.vhd Line: 5
Info (12021): Found 2 design units, including 1 entities, in source file contador_up.vhd
    Info (12022): Found design unit 1: contador_up-sol File: C:/Users/Estudiante/Documents/temperatura/contador_up.vhd Line: 12
    Info (12023): Found entity 1: contador_up File: C:/Users/Estudiante/Documents/temperatura/contador_up.vhd Line: 5
Info (12021): Found 2 design units, including 1 entities, in source file comparador.vhd
    Info (12022): Found design unit 1: comparador-sol File: C:/Users/Estudiante/Documents/temperatura/comparador.vhd Line: 10
    Info (12023): Found entity 1: comparador File: C:/Users/Estudiante/Documents/temperatura/comparador.vhd Line: 4
Info (12021): Found 2 design units, including 1 entities, in source file clock_div_50.vhd
    Info (12022): Found design unit 1: CLOCK_DIV_50-a File: C:/Users/Estudiante/Documents/temperatura/CLOCK_DIV_50.vhd Line: 18
    Info (12023): Found entity 1: CLOCK_DIV_50 File: C:/Users/Estudiante/Documents/temperatura/CLOCK_DIV_50.vhd Line: 6
Info (12021): Found 2 design units, including 1 entities, in source file binario_2bcd.vhd
    Info (12022): Found design unit 1: Binario_2BCD-sol File: C:/Users/Estudiante/Documents/temperatura/Binario_2BCD.vhd Line: 10
    Info (12023): Found entity 1: Binario_2BCD File: C:/Users/Estudiante/Documents/temperatura/Binario_2BCD.vhd Line: 5
Info (12021): Found 2 design units, including 1 entities, in source file bcd7seg.vhd
    Info (12022): Found design unit 1: BCD7Seg-sol File: C:/Users/Estudiante/Documents/temperatura/BCD7seg.vhd Line: 10
    Info (12023): Found entity 1: BCD7Seg File: C:/Users/Estudiante/Documents/temperatura/BCD7seg.vhd Line: 4
Info (12021): Found 2 design units, including 1 entities, in source file antirebote.vhd
    Info (12022): Found design unit 1: ANTIREBOTE-a File: C:/Users/Estudiante/Documents/temperatura/ANTIREBOTE.vhd Line: 12
    Info (12023): Found entity 1: ANTIREBOTE File: C:/Users/Estudiante/Documents/temperatura/ANTIREBOTE.vhd Line: 7
Info (12021): Found 1 design units, including 1 entities, in source file db/ip/temperatureadc/submodules/altera_up_avalon_adv_adc.v
    Info (12023): Found entity 1: altera_up_avalon_adv_adc File: C:/Users/Estudiante/Documents/temperatura/db/ip/temperatureadc/submodules/altera_up_avalon_adv_adc.v Line: 23
Info (12021): Found 1 design units, including 1 entities, in source file db/ip/temperatureadc/submodules/temperatureadc_adc_mega_0.v
    Info (12023): Found entity 1: temperatureADC_adc_mega_0 File: C:/Users/Estudiante/Documents/temperatura/db/ip/temperatureadc/submodules/temperatureadc_adc_mega_0.v Line: 22
Info (12021): Found 1 design units, including 1 entities, in source file db/ip/temperatureadc/temperatureadc.v
    Info (12023): Found entity 1: temperatureADC File: C:/Users/Estudiante/Documents/temperatura/db/ip/temperatureadc/temperatureadc.v Line: 6
Info (12021): Found 1 design units, including 1 entities, in source file db/ip/adctemp/adctemp.v
    Info (12023): Found entity 1: ADCtemp File: C:/Users/Estudiante/Documents/temperatura/db/ip/adctemp/adctemp.v Line: 6
Info (12021): Found 1 design units, including 1 entities, in source file db/ip/adctemp/submodules/adctemp_adc_mega_0.v
    Info (12023): Found entity 1: ADCtemp_adc_mega_0 File: C:/Users/Estudiante/Documents/temperatura/db/ip/adctemp/submodules/adctemp_adc_mega_0.v Line: 22
Info (12021): Found 1 design units, including 1 entities, in source file db/ip/adctemp/submodules/altera_up_avalon_adv_adc.v
    Info (12023): Found entity 1: altera_up_avalon_adv_adc File: C:/Users/Estudiante/Documents/temperatura/db/ip/adctemp/submodules/altera_up_avalon_adv_adc.v Line: 23
Info (12127): Elaborating entity "temperatura" for the top level hierarchy
Warning (275011): Block or symbol "comparador" of instance "inst35" overlaps another block or symbol
Warning (275008): Primitive "NOT" of instance "inst27" not used
Info (12128): Elaborating entity "Mux2a1" for hierarchy "Mux2a1:inst39"
Info (12128): Elaborating entity "comparador" for hierarchy "comparador:inst29"
Info (12128): Elaborating entity "RegSost" for hierarchy "RegSost:inst9"
Info (12128): Elaborating entity "ANTIREBOTE" for hierarchy "ANTIREBOTE:inst51"
Info (12128): Elaborating entity "CLOCK_DIV_50" for hierarchy "CLOCK_DIV_50:inst49"
Info (12128): Elaborating entity "comparador" for hierarchy "comparador:inst15"
Info (12128): Elaborating entity "contador_up" for hierarchy "contador_up:inst13"
Info (12128): Elaborating entity "c100" for hierarchy "c100:inst62"
Info (12128): Elaborating entity "lpm_constant" for hierarchy "c100:inst62|lpm_constant:LPM_CONSTANT_component" File: C:/Users/Estudiante/Documents/temperatura/c100.vhd Line: 71
Info (12130): Elaborated megafunction instantiation "c100:inst62|lpm_constant:LPM_CONSTANT_component" File: C:/Users/Estudiante/Documents/temperatura/c100.vhd Line: 71
Info (12133): Instantiated megafunction "c100:inst62|lpm_constant:LPM_CONSTANT_component" with the following parameter: File: C:/Users/Estudiante/Documents/temperatura/c100.vhd Line: 71
    Info (12134): Parameter "lpm_cvalue" = "100"
    Info (12134): Parameter "lpm_hint" = "ENABLE_RUNTIME_MOD=NO"
    Info (12134): Parameter "lpm_type" = "LPM_CONSTANT"
    Info (12134): Parameter "lpm_width" = "7"
Info (12128): Elaborating entity "convToTemp" for hierarchy "convToTemp:inst8"
Info (12128): Elaborating entity "temperatureADC" for hierarchy "temperatureADC:inst69"
Info (12128): Elaborating entity "temperatureADC_adc_mega_0" for hierarchy "temperatureADC:inst69|temperatureADC_adc_mega_0:adc_mega_0" File: C:/Users/Estudiante/Documents/temperatura/db/ip/temperatureadc/temperatureadc.v Line: 45
Info (12128): Elaborating entity "altera_up_avalon_adv_adc" for hierarchy "temperatureADC:inst69|temperatureADC_adc_mega_0:adc_mega_0|altera_up_avalon_adv_adc:ADC_CTRL" File: C:/Users/Estudiante/Documents/temperatura/db/ip/temperatureadc/submodules/temperatureadc_adc_mega_0.v Line: 58
Info (12128): Elaborating entity "restador" for hierarchy "restador:inst30"
Info (12128): Elaborating entity "contador_up_down" for hierarchy "contador_up_down:inst21"
Info (12128): Elaborating entity "controlador" for hierarchy "controlador:inst26"
Warning (10492): VHDL Process Statement warning at controlador.vhd(60): signal "y" is read inside the Process Statement but isn't in the Process Statement's sensitivity list File: C:/Users/Estudiante/Documents/temperatura/controlador.vhd Line: 60
Info (12128): Elaborating entity "comparador" for hierarchy "comparador:inst2"
Info (12128): Elaborating entity "contador_up" for hierarchy "contador_up:inst"
Info (12128): Elaborating entity "c500" for hierarchy "c500:inst63"
Info (12128): Elaborating entity "lpm_constant" for hierarchy "c500:inst63|lpm_constant:LPM_CONSTANT_component" File: C:/Users/Estudiante/Documents/temperatura/c500.vhd Line: 71
Info (12130): Elaborated megafunction instantiation "c500:inst63|lpm_constant:LPM_CONSTANT_component" File: C:/Users/Estudiante/Documents/temperatura/c500.vhd Line: 71
Info (12133): Instantiated megafunction "c500:inst63|lpm_constant:LPM_CONSTANT_component" with the following parameter: File: C:/Users/Estudiante/Documents/temperatura/c500.vhd Line: 71
    Info (12134): Parameter "lpm_cvalue" = "500"
    Info (12134): Parameter "lpm_hint" = "ENABLE_RUNTIME_MOD=NO"
    Info (12134): Parameter "lpm_type" = "LPM_CONSTANT"
    Info (12134): Parameter "lpm_width" = "9"
Info (12128): Elaborating entity "Mux2a1" for hierarchy "Mux2a1:inst4"
Info (12128): Elaborating entity "c25" for hierarchy "c25:inst22"
Info (12128): Elaborating entity "lpm_constant" for hierarchy "c25:inst22|lpm_constant:LPM_CONSTANT_component" File: C:/Users/Estudiante/Documents/temperatura/c25.vhd Line: 71
Info (12130): Elaborated megafunction instantiation "c25:inst22|lpm_constant:LPM_CONSTANT_component" File: C:/Users/Estudiante/Documents/temperatura/c25.vhd Line: 71
Info (12133): Instantiated megafunction "c25:inst22|lpm_constant:LPM_CONSTANT_component" with the following parameter: File: C:/Users/Estudiante/Documents/temperatura/c25.vhd Line: 71
    Info (12134): Parameter "lpm_cvalue" = "25"
    Info (12134): Parameter "lpm_hint" = "ENABLE_RUNTIME_MOD=NO"
    Info (12134): Parameter "lpm_type" = "LPM_CONSTANT"
    Info (12134): Parameter "lpm_width" = "8"
Info (12128): Elaborating entity "c1" for hierarchy "c1:inst31"
Info (12128): Elaborating entity "lpm_constant" for hierarchy "c1:inst31|lpm_constant:LPM_CONSTANT_component" File: C:/Users/Estudiante/Documents/temperatura/c1.vhd Line: 71
Info (12130): Elaborated megafunction instantiation "c1:inst31|lpm_constant:LPM_CONSTANT_component" File: C:/Users/Estudiante/Documents/temperatura/c1.vhd Line: 71
Info (12133): Instantiated megafunction "c1:inst31|lpm_constant:LPM_CONSTANT_component" with the following parameter: File: C:/Users/Estudiante/Documents/temperatura/c1.vhd Line: 71
    Info (12134): Parameter "lpm_cvalue" = "1"
    Info (12134): Parameter "lpm_hint" = "ENABLE_RUNTIME_MOD=NO"
    Info (12134): Parameter "lpm_type" = "LPM_CONSTANT"
    Info (12134): Parameter "lpm_width" = "8"
Info (12128): Elaborating entity "BCD7Seg" for hierarchy "BCD7Seg:inst64"
Info (12128): Elaborating entity "Binario_2BCD" for hierarchy "Binario_2BCD:inst12"
Info (12128): Elaborating entity "Mux4a1" for hierarchy "Mux4a1:inst10"
Info (13000): Registers with preset signals will power-up high File: C:/Users/Estudiante/Documents/temperatura/db/ip/temperatureadc/submodules/altera_up_avalon_adv_adc.v Line: 28
Info (13003): DEV_CLRn pin will set, and not reset, register with preset signal due to NOT Gate Push-Back
Info (286030): Timing-Driven Synthesis is running
Info (17049): 2 registers lost all their fanouts during netlist optimizations.
Warning (20013): Ignored 19 assignments for entity "ADCtemp" -- entity does not exist in design
Info (16010): Generating hard_block partition "hard_block:auto_generated_inst"
    Info (16011): Adding 0 node(s), including 0 DDIO, 0 PLL, 0 transceiver and 0 LCELL
Info (21057): Implemented 510 device resources after synthesis - the final resource count might be different
    Info (21058): Implemented 9 input pins
    Info (21059): Implemented 36 output pins
    Info (21061): Implemented 465 logic cells
Info: Quartus Prime Analysis & Synthesis was successful. 0 errors, 7 warnings
    Info: Peak virtual memory: 4842 megabytes
    Info: Processing ended: Tue Jan 08 17:05:21 2019
    Info: Elapsed time: 00:00:35
    Info: Total CPU time (on all processors): 00:01:12


